time="2024-07-18T10:59:20+02:00" level=info msg="Application started"
time="2024-07-18T10:59:20+02:00" level=info msg="Aucun argument fourni."
time="2024-07-18T10:59:20+02:00" level=info msg="Server is running on port 50051"
time="2024-07-18T11:00:23+02:00" level=info msg="Application started"
time="2024-07-18T11:00:24+02:00" level=info msg="Aucun argument fourni."
time="2024-07-18T11:00:24+02:00" level=info msg="Server is running on port 50051"
time="2024-07-18T11:01:02+02:00" level=info msg="Application started"
time="2024-07-18T11:01:02+02:00" level=info msg="Aucun argument fourni."
time="2024-07-18T11:01:02+02:00" level=info msg="Server is running on port 50051"
time="2024-07-18T11:02:13+02:00" level=info msg="Application started"
time="2024-07-18T11:02:14+02:00" level=info msg="Aucun argument fourni."
time="2024-07-18T11:02:14+02:00" level=info msg="Server is running on port 50051"
time="2024-07-18T11:09:06+02:00" level=info msg="Application started"
time="2024-07-18T11:09:08+02:00" level=info msg="Migrating the database..."
time="2024-07-18T12:15:45+02:00" level=info msg="Application started"
time="2024-07-18T12:15:45+02:00" level=fatal msg="Failed to initialize database: gorm.Open: failed to connect to `user=user database=card`:\n\t[::1]:5432 (localhost): dial error: dial tcp [::1]:5432: connect: connection refused\n\t127.0.0.1:5432 (localhost): dial error: dial tcp 127.0.0.1:5432: connect: connection refused"
time="2024-07-18T12:16:32+02:00" level=info msg="Application started"
time="2024-07-18T12:16:33+02:00" level=info msg="Migrating the database..."
time="2024-07-18T12:19:57+02:00" level=info msg="Application started"
time="2024-07-18T12:19:58+02:00" level=info msg="Aucun argument fourni."
time="2024-07-18T12:19:58+02:00" level=info msg="Server is running on port 50051"
time="2024-07-18T14:00:45+02:00" level=info msg="Application started"
time="2024-07-18T14:00:46+02:00" level=info msg="Aucun argument fourni."
time="2024-07-18T14:00:46+02:00" level=info msg="Server is running on port 50051"
time="2024-07-18T14:09:28+02:00" level=info msg="Application started"
time="2024-07-18T14:09:30+02:00" level=info msg="Aucun argument fourni."
time="2024-07-18T14:09:30+02:00" level=info msg="Server is running on port 50051"
time="2024-07-18T14:12:33+02:00" level=info msg="Application started"
time="2024-07-18T14:12:33+02:00" level=info msg="Aucun argument fourni."
time="2024-07-18T14:12:33+02:00" level=info msg="Server is running on port 50051"
time="2024-07-18T14:14:13+02:00" level=info msg="Application started"
time="2024-07-18T14:14:13+02:00" level=info msg="Aucun argument fourni."
time="2024-07-18T14:14:13+02:00" level=info msg="Server is running on port 50051"
time="2024-07-18T14:15:48+02:00" level=info msg="Application started"
time="2024-07-18T14:15:48+02:00" level=info msg="Aucun argument fourni."
time="2024-07-18T14:15:48+02:00" level=info msg="Server is running on port 50051"
time="2024-07-18T14:20:27+02:00" level=info msg="Application started"
time="2024-07-18T14:20:29+02:00" level=info msg="Aucun argument fourni."
time="2024-07-18T14:20:29+02:00" level=info msg="Server is running on port 50051"
time="2024-07-18T14:31:45+02:00" level=info msg="Application started"
time="2024-07-18T14:31:46+02:00" level=info msg="Aucun argument fourni."
time="2024-07-18T14:31:46+02:00" level=info msg="Server is running on port 50051"
time="2024-07-18T14:38:20+02:00" level=info msg="Application started"
time="2024-07-18T14:38:20+02:00" level=info msg="Migrating the database..."
time="2024-07-18T14:47:38+02:00" level=info msg="Application started"
time="2024-07-18T14:47:38+02:00" level=info msg="Migrating the database..."
time="2024-07-18T14:51:38+02:00" level=info msg="Application started"
time="2024-07-18T14:51:39+02:00" level=info msg="Aucun argument fourni."
time="2024-07-18T14:51:39+02:00" level=info msg="Server is running on port 50051"
time="2024-07-18T14:55:20+02:00" level=info msg="Application started"
time="2024-07-18T14:55:20+02:00" level=info msg="Migrating the database..."
time="2024-07-18T14:57:25+02:00" level=info msg="Application started"
time="2024-07-18T14:57:26+02:00" level=info msg="Migrating the database..."
time="2024-07-18T14:58:54+02:00" level=info msg="Application started"
time="2024-07-18T14:58:55+02:00" level=info msg="Migrating the database..."
time="2024-07-18T14:59:26+02:00" level=info msg="Application started"
time="2024-07-18T14:59:26+02:00" level=info msg="Migrating the database..."
time="2024-07-18T15:00:36+02:00" level=info msg="Application started"
time="2024-07-18T15:00:36+02:00" level=info msg="Migrating the database..."
time="2024-07-18T15:01:52+02:00" level=info msg="Application started"
time="2024-07-18T15:01:52+02:00" level=info msg="Migrating the database..."
time="2024-07-18T15:02:31+02:00" level=info msg="Application started"
time="2024-07-18T15:02:31+02:00" level=info msg="Migrating the database..."
time="2024-07-18T15:07:02+02:00" level=info msg="Application started"
time="2024-07-18T15:07:03+02:00" level=info msg="Migrating the database..."
time="2024-07-18T15:10:06+02:00" level=info msg="Application started"
time="2024-07-18T15:10:06+02:00" level=info msg="Migrating the database..."
time="2024-07-18T15:11:09+02:00" level=info msg="Application started"
time="2024-07-18T15:11:10+02:00" level=info msg="Migrating the database..."
time="2024-07-18T15:11:39+02:00" level=info msg="Application started"
time="2024-07-18T15:11:40+02:00" level=info msg="Migrating the database..."
time="2024-07-18T15:12:31+02:00" level=info msg="Application started"
time="2024-07-18T15:12:31+02:00" level=info msg="Migrating the database..."
time="2024-07-18T15:13:15+02:00" level=info msg="Application started"
time="2024-07-18T15:13:16+02:00" level=info msg="Migrating the database..."
time="2024-07-18T15:13:58+02:00" level=info msg="Application started"
time="2024-07-18T15:13:59+02:00" level=info msg="Migrating the database..."
time="2024-07-18T15:58:51+02:00" level=info msg="Application started"
time="2024-07-18T15:58:52+02:00" level=info msg="Aucun argument fourni."
time="2024-07-18T15:58:52+02:00" level=info msg="Server is running on port 50051"
time="2024-07-18T16:00:23+02:00" level=error msg="record not found"
time="2024-07-18T16:00:23+02:00" level=error msg="User not found"
time="2024-07-18T16:00:23+02:00" level=error msg="User not found"
time="2024-07-18T16:01:22+02:00" level=error msg="record not found"
time="2024-07-18T16:01:22+02:00" level=error msg="User not found"
time="2024-07-18T16:01:22+02:00" level=error msg="User not found"
time="2024-07-18T16:02:10+02:00" level=error msg="invalid credentials"
time="2024-07-18T16:02:18+02:00" level=error msg="record not found"
time="2024-07-18T16:02:18+02:00" level=error msg="User not found"
time="2024-07-18T16:02:18+02:00" level=error msg="User not found"
time="2024-07-18T16:03:20+02:00" level=info msg="Application started"
time="2024-07-18T16:03:22+02:00" level=info msg="Migrating the database..."
time="2024-07-18T16:17:39+02:00" level=info msg="Application started"
time="2024-07-18T16:17:41+02:00" level=info msg="Aucun argument fourni."
time="2024-07-18T16:17:41+02:00" level=info msg="Server is running on port 50051"
time="2024-07-18T16:19:09+02:00" level=error msg="record not found"
time="2024-07-18T16:19:09+02:00" level=error msg="User not found"
time="2024-07-18T16:19:09+02:00" level=error msg="User not found"
time="2024-07-18T16:25:21+02:00" level=error msg="record not found"
time="2024-07-18T16:25:21+02:00" level=error msg="User not found"
time="2024-07-18T16:25:21+02:00" level=error msg="User not found"
time="2024-07-18T16:33:56+02:00" level=error msg="record not found"
time="2024-07-18T16:33:56+02:00" level=error msg="User not found"
time="2024-07-18T16:33:56+02:00" level=error msg="User not found"
time="2024-07-18T16:41:02+02:00" level=info msg="Application started"
time="2024-07-18T16:41:02+02:00" level=info msg="Aucun argument fourni."
time="2024-07-18T16:41:02+02:00" level=info msg="Server is running on port 50051"
time="2024-07-18T16:41:32+02:00" level=info msg="Application started"
time="2024-07-18T16:41:32+02:00" level=info msg="Aucun argument fourni."
time="2024-07-18T16:41:32+02:00" level=info msg="Server is running on port 50051"
time="2024-07-18T16:45:53+02:00" level=error msg="Invalid request"
time="2024-07-18T16:46:06+02:00" level=error msg="Invalid request"
time="2024-07-18T16:47:42+02:00" level=error msg="Invalid request"
time="2024-07-18T16:50:38+02:00" level=error msg="Invalid request"
time="2024-07-18T16:50:38+02:00" level=error msg="Invalid request"
time="2024-07-18T16:52:40+02:00" level=error msg="Invalid request"
time="2024-07-18T16:52:42+02:00" level=error msg="Invalid request"
time="2024-07-18T16:53:50+02:00" level=error msg="Invalid request"
time="2024-07-18T16:56:35+02:00" level=error msg="record not found"
time="2024-07-18T16:56:35+02:00" level=error msg="User not found"
time="2024-07-18T16:56:35+02:00" level=error msg="User not found"
time="2024-07-18T16:58:02+02:00" level=error msg="record not found"
time="2024-07-18T16:58:02+02:00" level=error msg="User not found"
time="2024-07-18T16:58:02+02:00" level=error msg="User not found"
time="2024-07-18T17:16:51+02:00" level=info msg="Application started"
time="2024-07-18T17:16:54+02:00" level=info msg="Aucun argument fourni."
time="2024-07-18T17:16:54+02:00" level=info msg="Server is running on port 50051"
time="2024-07-18T17:19:04+02:00" level=error msg="record not found"
time="2024-07-18T17:19:04+02:00" level=error msg="User not found"
time="2024-07-18T17:19:04+02:00" level=error msg="User not found"
time="2024-07-18T17:20:25+02:00" level=error msg="record not found"
time="2024-07-18T17:20:25+02:00" level=error msg="User not found"
time="2024-07-18T17:20:25+02:00" level=error msg="User not found"
time="2024-07-18T17:21:31+02:00" level=error msg="record not found"
time="2024-07-18T17:21:31+02:00" level=error msg="User not found"
time="2024-07-18T17:21:31+02:00" level=error msg="User not found"
time="2024-07-18T17:25:11+02:00" level=info msg="Application started"
time="2024-07-18T17:25:11+02:00" level=info msg="Aucun argument fourni."
time="2024-07-18T17:25:11+02:00" level=info msg="Server is running on port 50051"
time="2024-07-18T17:25:49+02:00" level=error msg="record not found"
time="2024-07-18T17:25:49+02:00" level=error msg="User not found"
time="2024-07-18T17:25:49+02:00" level=error msg="User not found"
time="2024-07-18T17:26:44+02:00" level=error msg="record not found"
time="2024-07-18T17:26:44+02:00" level=error msg="User not found"
time="2024-07-18T17:26:44+02:00" level=error msg="User not found"
time="2024-07-18T17:28:34+02:00" level=error msg="record not found"
time="2024-07-18T17:28:34+02:00" level=error msg="User not found"
time="2024-07-18T17:28:34+02:00" level=error msg="User not found"
time="2024-07-18T17:28:40+02:00" level=error msg="record not found"
time="2024-07-18T17:28:40+02:00" level=error msg="User not found"
time="2024-07-18T17:28:40+02:00" level=error msg="User not found"
time="2024-07-18T17:32:45+02:00" level=error msg="Invalid request"
time="2024-07-18T17:33:30+02:00" level=info msg="Application started"
time="2024-07-18T17:33:32+02:00" level=info msg="Aucun argument fourni."
time="2024-07-18T17:33:32+02:00" level=info msg="Server is running on port 50051"
time="2024-07-18T17:34:59+02:00" level=error msg="Invalid latitude value"
time="2024-07-18T17:38:38+02:00" level=info msg="Application started"
time="2024-07-18T17:38:39+02:00" level=info msg="Aucun argument fourni."
time="2024-07-18T17:38:39+02:00" level=info msg="Server is running on port 50051"
time="2024-07-18T17:39:08+02:00" level=error msg="Invalid request"
time="2024-07-18T17:41:43+02:00" level=info msg="Application started"
time="2024-07-18T17:41:44+02:00" level=info msg="Aucun argument fourni."
time="2024-07-18T17:41:44+02:00" level=info msg="Server is running on port 50051"
time="2024-07-18T17:45:22+02:00" level=error msg="record not found"
time="2024-07-18T17:45:22+02:00" level=error msg="User not found"
time="2024-07-18T17:45:22+02:00" level=error msg="User not found"
time="2024-07-18T17:45:29+02:00" level=error msg="record not found"
time="2024-07-18T17:45:29+02:00" level=error msg="User not found"
time="2024-07-18T17:45:29+02:00" level=error msg="User not found"
time="2024-07-18T17:46:22+02:00" level=error msg="record not found"
time="2024-07-18T17:46:22+02:00" level=error msg="User not found"
time="2024-07-18T17:46:22+02:00" level=error msg="User not found"
time="2024-07-18T17:47:42+02:00" level=error msg="record not found"
time="2024-07-18T17:47:42+02:00" level=error msg="User not found"
time="2024-07-18T17:47:42+02:00" level=error msg="User not found"
